<?xml version="1.0" encoding="UTF-8"?>
<robot generator="Robot 6.1.1 (Python 3.11.4 on win32)" generated="20230806 02:46:21.316" rpa="false" schemaversion="4">
<suite id="s1" name="Demotest3" source="C:\Users\Swapnil\Desktop\robotFramework\testswithselenium\demotest3.robot">
<test id="s1-t1" name="Select the Form and navigate to Child window" line="26">
<kw name="open the browser with Mortage payment url" library="resource" type="SETUP">
<kw name="Create Webdriver" library="SeleniumLibrary">
<arg>Chrome</arg>
<arg>C:\Users\Swapnil\Downloads\chromedriver_win32</arg>
<doc>Creates an instance of Selenium WebDriver.</doc>
<msg timestamp="20230806 02:46:21.449" level="INFO">Creating an instance of the Chrome WebDriver.</msg>
<status status="PASS" starttime="20230806 02:46:21.449" endtime="20230806 02:46:22.847"/>
</kw>
<kw name="Go To" library="SeleniumLibrary">
<arg>https://rahulshettyacademy.com/loginpagePractise/</arg>
<doc>Navigates the current browser window to the provided ``url``.</doc>
<msg timestamp="20230806 02:46:22.847" level="INFO">Opening url 'https://rahulshettyacademy.com/loginpagePractise/'</msg>
<status status="PASS" starttime="20230806 02:46:22.847" endtime="20230806 02:46:23.173"/>
</kw>
<status status="PASS" starttime="20230806 02:46:21.449" endtime="20230806 02:46:23.173"/>
</kw>
<kw name="Fill the Login Details and Login Form">
<kw name="Input Text" library="SeleniumLibrary">
<arg>id:username</arg>
<arg>rahulshettyacademy</arg>
<doc>Types the given ``text`` into the text field identified by ``locator``.</doc>
<msg timestamp="20230806 02:46:23.173" level="INFO">Typing text 'rahulshettyacademy' into text field 'id:username'.</msg>
<status status="PASS" starttime="20230806 02:46:23.173" endtime="20230806 02:46:23.314"/>
</kw>
<kw name="Input Password" library="SeleniumLibrary">
<arg>id:password</arg>
<arg>learning</arg>
<doc>Types the given password into the text field identified by ``locator``.</doc>
<msg timestamp="20230806 02:46:23.314" level="INFO">Typing password into text field 'id:password'.</msg>
<msg timestamp="20230806 02:46:23.345" level="INFO">Temporally setting log level to: NONE</msg>
<msg timestamp="20230806 02:46:23.383" level="INFO">Log level changed from NONE to INFO.</msg>
<status status="PASS" starttime="20230806 02:46:23.314" endtime="20230806 02:46:23.383"/>
</kw>
<kw name="Click Element" library="SeleniumLibrary">
<arg>css:input[value='user']</arg>
<doc>Click the element identified by ``locator``.</doc>
<msg timestamp="20230806 02:46:23.384" level="INFO">Clicking element 'css:input[value='user']'.</msg>
<status status="PASS" starttime="20230806 02:46:23.384" endtime="20230806 02:46:23.432"/>
</kw>
<kw name="Wait Until Element Is Visible" library="SeleniumLibrary">
<arg>css:.modal-body</arg>
<doc>Waits until the element ``locator`` is visible.</doc>
<status status="PASS" starttime="20230806 02:46:23.432" endtime="20230806 02:46:23.696"/>
</kw>
<kw name="Click Button" library="SeleniumLibrary">
<arg>id:okayBtn</arg>
<doc>Clicks the button identified by ``locator``.</doc>
<msg timestamp="20230806 02:46:23.696" level="INFO">Clicking button 'id:okayBtn'.</msg>
<status status="PASS" starttime="20230806 02:46:23.696" endtime="20230806 02:46:23.777"/>
</kw>
<kw name="Click Button" library="SeleniumLibrary">
<arg>id:okayBtn</arg>
<doc>Clicks the button identified by ``locator``.</doc>
<msg timestamp="20230806 02:46:23.777" level="INFO">Clicking button 'id:okayBtn'.</msg>
<status status="PASS" starttime="20230806 02:46:23.777" endtime="20230806 02:46:23.820"/>
</kw>
<kw name="Wait Until Element Is Not Visible" library="SeleniumLibrary">
<arg>css:.modal-body</arg>
<doc>Waits until the element ``locator`` is not visible.</doc>
<status status="PASS" starttime="20230806 02:46:23.820" endtime="20230806 02:46:24.066"/>
</kw>
<kw name="Select From List By Value" library="SeleniumLibrary">
<arg>css:select.form-control</arg>
<arg>teach</arg>
<doc>Selects options from selection list ``locator`` by ``values``.</doc>
<msg timestamp="20230806 02:46:24.067" level="INFO">Selecting options from selection list 'css:select.form-control' by value teach.</msg>
<status status="PASS" starttime="20230806 02:46:24.067" endtime="20230806 02:46:24.141"/>
</kw>
<kw name="Select Checkbox" library="SeleniumLibrary">
<arg>terms</arg>
<doc>Selects the checkbox identified by ``locator``.</doc>
<msg timestamp="20230806 02:46:24.141" level="INFO">Selecting checkbox 'terms'.</msg>
<status status="PASS" starttime="20230806 02:46:24.141" endtime="20230806 02:46:24.185"/>
</kw>
<kw name="Checkbox Should Be Selected" library="SeleniumLibrary">
<arg>terms</arg>
<doc>Verifies checkbox ``locator`` is selected/checked.</doc>
<msg timestamp="20230806 02:46:24.185" level="INFO">Verifying checkbox 'terms' is selected.</msg>
<status status="PASS" starttime="20230806 02:46:24.185" endtime="20230806 02:46:24.198"/>
</kw>
<status status="PASS" starttime="20230806 02:46:23.173" endtime="20230806 02:46:24.198"/>
</kw>
<status status="PASS" starttime="20230806 02:46:21.449" endtime="20230806 02:46:24.199"/>
</test>
<doc>To validate the login form</doc>
<status status="PASS" starttime="20230806 02:46:21.332" endtime="20230806 02:46:24.200"/>
</suite>
<statistics>
<total>
<stat pass="1" fail="0" skip="0">All Tests</stat>
</total>
<tag>
</tag>
<suite>
<stat pass="1" fail="0" skip="0" id="s1" name="Demotest3">Demotest3</stat>
</suite>
</statistics>
<errors>
</errors>
</robot>
