<?xml version="1.0" encoding="UTF-8"?>
<robot generator="Robot 6.1.1 (Python 3.11.4 on win32)" generated="20230811 18:41:35.107" rpa="false" schemaversion="4">
<suite id="s1" name="Cardtitle" source="C:\Users\Swapnil\Desktop\robotFramework\testswithselenium\cardtitle.robot">
<test id="s1-t1" name="Validate Unsuccesful Login" line="15">
<kw name="open the browser with Mortage payment url" library="resource" type="SETUP">
<kw name="Create Webdriver" library="SeleniumLibrary">
<arg>Chrome</arg>
<arg>C:\Users\Swapnil\Downloads\chromedriver_win32</arg>
<doc>Creates an instance of Selenium WebDriver.</doc>
<msg timestamp="20230811 18:41:35.252" level="INFO">Creating an instance of the Chrome WebDriver.</msg>
<status status="PASS" starttime="20230811 18:41:35.252" endtime="20230811 18:41:37.214"/>
</kw>
<kw name="Go To" library="SeleniumLibrary">
<arg>https://rahulshettyacademy.com/loginpagePractise/</arg>
<doc>Navigates the current browser window to the provided ``url``.</doc>
<msg timestamp="20230811 18:41:37.214" level="INFO">Opening url 'https://rahulshettyacademy.com/loginpagePractise/'</msg>
<status status="PASS" starttime="20230811 18:41:37.214" endtime="20230811 18:41:38.022"/>
</kw>
<status status="PASS" starttime="20230811 18:41:35.252" endtime="20230811 18:41:38.022"/>
</kw>
<kw name="Fill the login form">
<arg>${user_name}</arg>
<arg>${invalid_password}</arg>
<kw name="Input Text" library="SeleniumLibrary">
<arg>id:username</arg>
<arg>${user_name}</arg>
<doc>Types the given ``text`` into the text field identified by ``locator``.</doc>
<msg timestamp="20230811 18:41:38.022" level="INFO">Typing text 'rahulshettyacademy' into text field 'id:username'.</msg>
<status status="PASS" starttime="20230811 18:41:38.022" endtime="20230811 18:41:38.270"/>
</kw>
<kw name="Input Password" library="SeleniumLibrary">
<arg>id:password</arg>
<arg>${password}</arg>
<doc>Types the given password into the text field identified by ``locator``.</doc>
<msg timestamp="20230811 18:41:38.270" level="INFO">Typing password into text field 'id:password'.</msg>
<msg timestamp="20230811 18:41:38.316" level="INFO">Temporally setting log level to: NONE</msg>
<msg timestamp="20230811 18:41:38.370" level="INFO">Log level changed from NONE to INFO.</msg>
<status status="PASS" starttime="20230811 18:41:38.270" endtime="20230811 18:41:38.370"/>
</kw>
<kw name="Click Button" library="SeleniumLibrary">
<arg>signInBtn</arg>
<doc>Clicks the button identified by ``locator``.</doc>
<msg timestamp="20230811 18:41:38.370" level="INFO">Clicking button 'signInBtn'.</msg>
<status status="PASS" starttime="20230811 18:41:38.370" endtime="20230811 18:41:38.461"/>
</kw>
<status status="PASS" starttime="20230811 18:41:38.022" endtime="20230811 18:41:38.461"/>
</kw>
<kw name="wait until Element is located in the page">
<arg>${Error_Message_login}</arg>
<kw name="Wait Until Element Is Visible" library="SeleniumLibrary">
<arg>${element}</arg>
<doc>Waits until the element ``locator`` is visible.</doc>
<status status="PASS" starttime="20230811 18:41:38.461" endtime="20230811 18:41:40.468"/>
</kw>
<status status="PASS" starttime="20230811 18:41:38.461" endtime="20230811 18:41:40.468"/>
</kw>
<kw name="verify error message is correct">
<kw name="Get Text" library="SeleniumLibrary">
<var>${result}</var>
<arg>css:.alert-danger</arg>
<doc>Returns the text value of the element identified by ``locator``.</doc>
<msg timestamp="20230811 18:41:40.501" level="INFO">${result} = Incorrect username/password.</msg>
<status status="PASS" starttime="20230811 18:41:40.468" endtime="20230811 18:41:40.501"/>
</kw>
<kw name="Should Be Equal As Strings" library="BuiltIn">
<arg>${result}</arg>
<arg>Incorrect username/password.</arg>
<doc>Fails if objects are unequal after converting them to strings.</doc>
<status status="PASS" starttime="20230811 18:41:40.501" endtime="20230811 18:41:40.501"/>
</kw>
<kw name="Element Text Should Be" library="SeleniumLibrary">
<arg>${Error_Message_Login}</arg>
<arg>Incorrect username/password.</arg>
<doc>Verifies that element ``locator`` contains exact the text ``expected``.</doc>
<msg timestamp="20230811 18:41:40.501" level="INFO">Verifying element 'css:.alert-danger' contains exact text 'Incorrect username/password.'.</msg>
<status status="PASS" starttime="20230811 18:41:40.501" endtime="20230811 18:41:40.513"/>
</kw>
<status status="PASS" starttime="20230811 18:41:40.468" endtime="20230811 18:41:40.513"/>
</kw>
<kw name="close Browser session" library="resource" type="TEARDOWN">
<kw name="Close Browser" library="SeleniumLibrary">
<doc>Closes the current browser.</doc>
<status status="PASS" starttime="20230811 18:41:40.513" endtime="20230811 18:41:43.065"/>
</kw>
<status status="PASS" starttime="20230811 18:41:40.513" endtime="20230811 18:41:43.065"/>
</kw>
<status status="PASS" starttime="20230811 18:41:35.252" endtime="20230811 18:41:43.065"/>
</test>
<test id="s1-t2" name="Validate Cards display in the Shopping Page" line="20">
<kw name="open the browser with Mortage payment url" library="resource" type="SETUP">
<kw name="Create Webdriver" library="SeleniumLibrary">
<arg>Chrome</arg>
<arg>C:\Users\Swapnil\Downloads\chromedriver_win32</arg>
<doc>Creates an instance of Selenium WebDriver.</doc>
<msg timestamp="20230811 18:41:43.065" level="INFO">Creating an instance of the Chrome WebDriver.</msg>
<status status="PASS" starttime="20230811 18:41:43.065" endtime="20230811 18:41:44.706"/>
</kw>
<kw name="Go To" library="SeleniumLibrary">
<arg>https://rahulshettyacademy.com/loginpagePractise/</arg>
<doc>Navigates the current browser window to the provided ``url``.</doc>
<msg timestamp="20230811 18:41:44.706" level="INFO">Opening url 'https://rahulshettyacademy.com/loginpagePractise/'</msg>
<status status="PASS" starttime="20230811 18:41:44.706" endtime="20230811 18:41:45.259"/>
</kw>
<status status="PASS" starttime="20230811 18:41:43.065" endtime="20230811 18:41:45.259"/>
</kw>
<kw name="Fill the login form">
<arg>${user_name}</arg>
<arg>${valid_password}</arg>
<kw name="Input Text" library="SeleniumLibrary">
<arg>id:username</arg>
<arg>${user_name}</arg>
<doc>Types the given ``text`` into the text field identified by ``locator``.</doc>
<msg timestamp="20230811 18:41:45.267" level="INFO">Typing text 'rahulshettyacademy' into text field 'id:username'.</msg>
<status status="PASS" starttime="20230811 18:41:45.267" endtime="20230811 18:41:45.506"/>
</kw>
<kw name="Input Password" library="SeleniumLibrary">
<arg>id:password</arg>
<arg>${password}</arg>
<doc>Types the given password into the text field identified by ``locator``.</doc>
<msg timestamp="20230811 18:41:45.506" level="INFO">Typing password into text field 'id:password'.</msg>
<msg timestamp="20230811 18:41:45.538" level="INFO">Temporally setting log level to: NONE</msg>
<msg timestamp="20230811 18:41:45.598" level="INFO">Log level changed from NONE to INFO.</msg>
<status status="PASS" starttime="20230811 18:41:45.506" endtime="20230811 18:41:45.598"/>
</kw>
<kw name="Click Button" library="SeleniumLibrary">
<arg>signInBtn</arg>
<doc>Clicks the button identified by ``locator``.</doc>
<msg timestamp="20230811 18:41:45.598" level="INFO">Clicking button 'signInBtn'.</msg>
<status status="PASS" starttime="20230811 18:41:45.598" endtime="20230811 18:41:45.662"/>
</kw>
<status status="PASS" starttime="20230811 18:41:45.266" endtime="20230811 18:41:45.662"/>
</kw>
<kw name="wait until Element is located in the page">
<arg>${Shop_page_load}</arg>
<kw name="Wait Until Element Is Visible" library="SeleniumLibrary">
<arg>${element}</arg>
<doc>Waits until the element ``locator`` is visible.</doc>
<status status="PASS" starttime="20230811 18:41:45.662" endtime="20230811 18:41:48.830"/>
</kw>
<status status="PASS" starttime="20230811 18:41:45.662" endtime="20230811 18:41:48.830"/>
</kw>
<kw name="verify Card titles in the shop page">
<kw name="Create List" library="BuiltIn">
<var>@{expectedList}</var>
<arg>iphone X</arg>
<arg>Samsung Note 8</arg>
<arg>Nokia Edge</arg>
<arg>Blackberry</arg>
<doc>Returns a list containing given items.</doc>
<msg timestamp="20230811 18:41:48.830" level="INFO">@{expectedList} = [ iphone X | Samsung Note 8 | Nokia Edge | Blackberry ]</msg>
<status status="PASS" starttime="20230811 18:41:48.830" endtime="20230811 18:41:48.830"/>
</kw>
<kw name="Get WebElements" library="SeleniumLibrary">
<var>${elements}</var>
<arg>css:.card-title</arg>
<doc>Returns a list of WebElement objects matching the ``locator``.</doc>
<msg timestamp="20230811 18:41:48.845" level="INFO">${elements} = [&lt;selenium.webdriver.remote.webelement.WebElement (session="4f530da95dbbbb4d12751be40c9484ab", element="84E8D07E3E2B6D75EB831CBD87A1F2A0_element_50")&gt;, &lt;selenium.webdriver.remote.webelement.WebElement...</msg>
<status status="PASS" starttime="20230811 18:41:48.830" endtime="20230811 18:41:48.845"/>
</kw>
<kw name="Create List" library="BuiltIn">
<var>@{actualList}</var>
<doc>Returns a list containing given items.</doc>
<msg timestamp="20230811 18:41:48.845" level="INFO">@{actualList} = [ ]</msg>
<status status="PASS" starttime="20230811 18:41:48.845" endtime="20230811 18:41:48.845"/>
</kw>
<for flavor="IN">
<var>${element}</var>
<value>${elements}</value>
<iter>
<var name="${element}">[&lt;selenium.webdriver.remote.webelement.WebElement (session="4f530da95dbbbb4d12751be40c9484ab", element="84E8D07E3E2B6D75EB831CBD87A1F2A0_element_50")&gt;, &lt;selenium.webdriver.remote.webelement.WebElement...</var>
<kw name="Append To List" library="Collections">
<arg>${actualList}</arg>
<arg>${element.text}</arg>
<doc>Adds ``values`` to the end of ``list``.</doc>
<msg timestamp="20230811 18:41:48.845" level="FAIL">Resolving variable '${element.text}' failed: AttributeError: 'list' object has no attribute 'text'</msg>
<status status="FAIL" starttime="20230811 18:41:48.845" endtime="20230811 18:41:48.845"/>
</kw>
<status status="FAIL" starttime="20230811 18:41:48.845" endtime="20230811 18:41:48.845"/>
</iter>
<status status="FAIL" starttime="20230811 18:41:48.845" endtime="20230811 18:41:48.845"/>
</for>
<kw name="Lists Should Be Equal" library="Collections">
<arg>${expectedList}</arg>
<arg>${actualList}</arg>
<doc>Fails if given lists are unequal.</doc>
<status status="NOT RUN" starttime="20230811 18:41:48.845" endtime="20230811 18:41:48.845"/>
</kw>
<status status="FAIL" starttime="20230811 18:41:48.830" endtime="20230811 18:41:48.845"/>
</kw>
<kw name="Select the Card">
<arg>Blackberry</arg>
<status status="NOT RUN" starttime="20230811 18:41:48.845" endtime="20230811 18:41:48.845"/>
</kw>
<kw name="close Browser session" library="resource" type="TEARDOWN">
<kw name="Close Browser" library="SeleniumLibrary">
<doc>Closes the current browser.</doc>
<status status="PASS" starttime="20230811 18:41:48.845" endtime="20230811 18:41:51.094"/>
</kw>
<status status="PASS" starttime="20230811 18:41:48.845" endtime="20230811 18:41:51.094"/>
</kw>
<status status="FAIL" starttime="20230811 18:41:43.065" endtime="20230811 18:41:51.094">Resolving variable '${element.text}' failed: AttributeError: 'list' object has no attribute 'text'</status>
</test>
<test id="s1-t3" name="Select the Form and navigate to Child window" line="27">
<kw name="open the browser with Mortage payment url" library="resource" type="SETUP">
<kw name="Create Webdriver" library="SeleniumLibrary">
<arg>Chrome</arg>
<arg>C:\Users\Swapnil\Downloads\chromedriver_win32</arg>
<doc>Creates an instance of Selenium WebDriver.</doc>
<msg timestamp="20230811 18:41:51.094" level="INFO">Creating an instance of the Chrome WebDriver.</msg>
<status status="PASS" starttime="20230811 18:41:51.094" endtime="20230811 18:41:52.815"/>
</kw>
<kw name="Go To" library="SeleniumLibrary">
<arg>https://rahulshettyacademy.com/loginpagePractise/</arg>
<doc>Navigates the current browser window to the provided ``url``.</doc>
<msg timestamp="20230811 18:41:52.815" level="INFO">Opening url 'https://rahulshettyacademy.com/loginpagePractise/'</msg>
<status status="PASS" starttime="20230811 18:41:52.815" endtime="20230811 18:41:53.466"/>
</kw>
<status status="PASS" starttime="20230811 18:41:51.094" endtime="20230811 18:41:53.466"/>
</kw>
<kw name="Fill the Login Details and Login Form">
<kw name="Input Text" library="SeleniumLibrary">
<arg>id:username</arg>
<arg>rahulshettyacademy</arg>
<doc>Types the given ``text`` into the text field identified by ``locator``.</doc>
<msg timestamp="20230811 18:41:53.466" level="INFO">Typing text 'rahulshettyacademy' into text field 'id:username'.</msg>
<status status="PASS" starttime="20230811 18:41:53.466" endtime="20230811 18:41:53.655"/>
</kw>
<kw name="Input Password" library="SeleniumLibrary">
<arg>id:password</arg>
<arg>learning</arg>
<doc>Types the given password into the text field identified by ``locator``.</doc>
<msg timestamp="20230811 18:41:53.655" level="INFO">Typing password into text field 'id:password'.</msg>
<msg timestamp="20230811 18:41:53.694" level="INFO">Temporally setting log level to: NONE</msg>
<msg timestamp="20230811 18:41:53.755" level="INFO">Log level changed from NONE to INFO.</msg>
<status status="PASS" starttime="20230811 18:41:53.655" endtime="20230811 18:41:53.755"/>
</kw>
<kw name="Click Element" library="SeleniumLibrary">
<arg>css:input[value='user']</arg>
<doc>Click the element identified by ``locator``.</doc>
<msg timestamp="20230811 18:41:53.760" level="INFO">Clicking element 'css:input[value='user']'.</msg>
<status status="PASS" starttime="20230811 18:41:53.755" endtime="20230811 18:41:53.817"/>
</kw>
<kw name="Wait Until Element Is Visible" library="SeleniumLibrary">
<arg>css:.modal-body</arg>
<doc>Waits until the element ``locator`` is visible.</doc>
<status status="PASS" starttime="20230811 18:41:53.817" endtime="20230811 18:41:54.076"/>
</kw>
<kw name="Click Button" library="SeleniumLibrary">
<arg>id:okayBtn</arg>
<doc>Clicks the button identified by ``locator``.</doc>
<msg timestamp="20230811 18:41:54.076" level="INFO">Clicking button 'id:okayBtn'.</msg>
<status status="PASS" starttime="20230811 18:41:54.076" endtime="20230811 18:41:54.181"/>
</kw>
<kw name="Click Button" library="SeleniumLibrary">
<arg>id:okayBtn</arg>
<doc>Clicks the button identified by ``locator``.</doc>
<msg timestamp="20230811 18:41:54.182" level="INFO">Clicking button 'id:okayBtn'.</msg>
<status status="PASS" starttime="20230811 18:41:54.181" endtime="20230811 18:41:54.279"/>
</kw>
<kw name="Wait Until Element Is Not Visible" library="SeleniumLibrary">
<arg>css:.modal-body</arg>
<doc>Waits until the element ``locator`` is not visible.</doc>
<status status="PASS" starttime="20230811 18:41:54.279" endtime="20230811 18:41:54.543"/>
</kw>
<kw name="Select From List By Value" library="SeleniumLibrary">
<arg>css:select.form-control</arg>
<arg>teach</arg>
<doc>Selects options from selection list ``locator`` by ``values``.</doc>
<msg timestamp="20230811 18:41:54.543" level="INFO">Selecting options from selection list 'css:select.form-control' by value teach.</msg>
<status status="PASS" starttime="20230811 18:41:54.543" endtime="20230811 18:41:54.663"/>
</kw>
<kw name="Select Checkbox" library="SeleniumLibrary">
<arg>terms</arg>
<doc>Selects the checkbox identified by ``locator``.</doc>
<msg timestamp="20230811 18:41:54.663" level="INFO">Selecting checkbox 'terms'.</msg>
<status status="PASS" starttime="20230811 18:41:54.663" endtime="20230811 18:41:54.744"/>
</kw>
<kw name="Checkbox Should Be Selected" library="SeleniumLibrary">
<arg>terms</arg>
<doc>Verifies checkbox ``locator`` is selected/checked.</doc>
<msg timestamp="20230811 18:41:54.744" level="INFO">Verifying checkbox 'terms' is selected.</msg>
<status status="PASS" starttime="20230811 18:41:54.744" endtime="20230811 18:41:54.770"/>
</kw>
<status status="PASS" starttime="20230811 18:41:53.466" endtime="20230811 18:41:54.770"/>
</kw>
<kw name="close Browser session" library="resource" type="TEARDOWN">
<kw name="Close Browser" library="SeleniumLibrary">
<doc>Closes the current browser.</doc>
<status status="PASS" starttime="20230811 18:41:54.770" endtime="20230811 18:41:57.160"/>
</kw>
<status status="PASS" starttime="20230811 18:41:54.770" endtime="20230811 18:41:57.160"/>
</kw>
<status status="PASS" starttime="20230811 18:41:51.094" endtime="20230811 18:41:57.160"/>
</test>
<doc>To validate the login form</doc>
<status status="FAIL" starttime="20230811 18:41:35.119" endtime="20230811 18:41:57.160"/>
</suite>
<statistics>
<total>
<stat pass="2" fail="1" skip="0">All Tests</stat>
</total>
<tag>
</tag>
<suite>
<stat pass="2" fail="1" skip="0" id="s1" name="Cardtitle">Cardtitle</stat>
</suite>
</statistics>
<errors>
</errors>
</robot>
