<?xml version="1.0" encoding="UTF-8"?>
<robot generator="Robot 6.1.1 (Python 3.11.4 on win32)" generated="20230808 17:23:40.253" rpa="false" schemaversion="4">
<suite id="s1" name="Demotest4" source="C:\Users\Swapnil\Desktop\robotFramework\parameterizeRobotFrame\demotest4.robot">
<test id="s1-t1" name="Invalid username" line="10">
<kw name="dashed">
<arg>learning</arg>
<msg timestamp="20230808 17:23:40.396" level="FAIL">No keyword with name 'dashed' found.</msg>
<status status="FAIL" starttime="20230808 17:23:40.396" endtime="20230808 17:23:40.396"/>
</kw>
<kw name="Close Browser" library="SeleniumLibrary" type="TEARDOWN">
<doc>Closes the current browser.</doc>
<status status="PASS" starttime="20230808 17:23:40.396" endtime="20230808 17:23:40.396"/>
</kw>
<status status="FAIL" starttime="20230808 17:23:40.396" endtime="20230808 17:23:40.396">No keyword with name 'dashed' found.</status>
</test>
<test id="s1-t2" name="Invalid password" line="11">
<kw name="rahulshetty">
<arg>ploudfg</arg>
<msg timestamp="20230808 17:23:40.396" level="FAIL">No keyword with name 'rahulshetty' found.</msg>
<status status="FAIL" starttime="20230808 17:23:40.396" endtime="20230808 17:23:40.396"/>
</kw>
<kw name="Close Browser" library="SeleniumLibrary" type="TEARDOWN">
<doc>Closes the current browser.</doc>
<status status="PASS" starttime="20230808 17:23:40.396" endtime="20230808 17:23:40.396"/>
</kw>
<status status="FAIL" starttime="20230808 17:23:40.396" endtime="20230808 17:23:40.396">No keyword with name 'rahulshetty' found.</status>
</test>
<test id="s1-t3" name="special characters" line="12">
<kw name="@#$">
<arg>learning</arg>
<msg timestamp="20230808 17:23:40.396" level="FAIL">No keyword with name '@#$' found.</msg>
<status status="FAIL" starttime="20230808 17:23:40.396" endtime="20230808 17:23:40.396"/>
</kw>
<kw name="Close Browser" library="SeleniumLibrary" type="TEARDOWN">
<doc>Closes the current browser.</doc>
<status status="PASS" starttime="20230808 17:23:40.396" endtime="20230808 17:23:40.396"/>
</kw>
<status status="FAIL" starttime="20230808 17:23:40.396" endtime="20230808 17:23:40.396">No keyword with name '@#$' found.</status>
</test>
<doc>To validate the login form</doc>
<status status="FAIL" starttime="20230808 17:23:40.253" endtime="20230808 17:23:40.411"/>
</suite>
<statistics>
<total>
<stat pass="0" fail="3" skip="0">All Tests</stat>
</total>
<tag>
</tag>
<suite>
<stat pass="0" fail="3" skip="0" id="s1" name="Demotest4">Demotest4</stat>
</suite>
</statistics>
<errors>
</errors>
</robot>
