<?xml version="1.0" encoding="UTF-8"?>
<robot generator="Robot 6.1.1 (Python 3.11.4 on win32)" generated="20230811 12:54:30.219" rpa="false" schemaversion="4">
<suite id="s1" name="Login" source="C:\Users\Swapnil\Desktop\robotFramework\tests\login.robot">
<test id="s1-t1" name="Validate Unsuccesful Login" line="10">
<kw name="open the browser with Mortage payment url">
<kw name="Create Webdriver" library="SeleniumLibrary">
<arg>Chrome</arg>
<arg>C:\Users\Swapnil\Downloads\chromedriver_win32</arg>
<doc>Creates an instance of Selenium WebDriver.</doc>
<msg timestamp="20230811 12:54:30.378" level="INFO">Creating an instance of the Chrome WebDriver.</msg>
<status status="PASS" starttime="20230811 12:54:30.378" endtime="20230811 12:54:36.717"/>
</kw>
<kw name="Go To" library="SeleniumLibrary">
<arg>https://rahulshettyacademy.com/loginpagePractise/</arg>
<doc>Navigates the current browser window to the provided ``url``.</doc>
<msg timestamp="20230811 12:54:36.717" level="INFO">Opening url 'https://rahulshettyacademy.com/loginpagePractise/'</msg>
<status status="PASS" starttime="20230811 12:54:36.717" endtime="20230811 12:54:38.123"/>
</kw>
<status status="PASS" starttime="20230811 12:54:30.378" endtime="20230811 12:54:38.123"/>
</kw>
<kw name="Fill the login form">
<kw name="Input Text" library="SeleniumLibrary">
<arg>id:username</arg>
<arg>piyushverma.com</arg>
<doc>Types the given ``text`` into the text field identified by ``locator``.</doc>
<msg timestamp="20230811 12:54:38.123" level="INFO">Typing text 'piyushverma.com' into text field 'id:username'.</msg>
<status status="PASS" starttime="20230811 12:54:38.123" endtime="20230811 12:54:38.248"/>
</kw>
<kw name="Input Text" library="SeleniumLibrary">
<arg>id:password</arg>
<arg>123344</arg>
<doc>Types the given ``text`` into the text field identified by ``locator``.</doc>
<msg timestamp="20230811 12:54:38.248" level="INFO">Typing text '123344' into text field 'id:password'.</msg>
<status status="PASS" starttime="20230811 12:54:38.248" endtime="20230811 12:54:38.358"/>
</kw>
<kw name="Click Button" library="SeleniumLibrary">
<arg>signInBtn</arg>
<doc>Clicks the button identified by ``locator``.</doc>
<msg timestamp="20230811 12:54:38.358" level="INFO">Clicking button 'signInBtn'.</msg>
<status status="PASS" starttime="20230811 12:54:38.358" endtime="20230811 12:54:38.427"/>
</kw>
<status status="PASS" starttime="20230811 12:54:38.123" endtime="20230811 12:54:38.427"/>
</kw>
<kw name="wait until it checks and display error message">
<kw name="Wait Until Element Is Visible" library="SeleniumLibrary">
<arg>css:.alert-danger</arg>
<doc>Waits until the element ``locator`` is visible.</doc>
<status status="PASS" starttime="20230811 12:54:38.427" endtime="20230811 12:54:40.505"/>
</kw>
<status status="PASS" starttime="20230811 12:54:38.427" endtime="20230811 12:54:40.505"/>
</kw>
<kw name="verify error message is correct">
<kw name="Get Text" library="SeleniumLibrary">
<var>${result}</var>
<arg>css:.alert-danger</arg>
<doc>Returns the text value of the element identified by ``locator``.</doc>
<msg timestamp="20230811 12:54:40.531" level="INFO">${result} = Incorrect username/password.</msg>
<status status="PASS" starttime="20230811 12:54:40.505" endtime="20230811 12:54:40.531"/>
</kw>
<kw name="Should Be Equal As Strings" library="BuiltIn">
<arg>${result}</arg>
<arg>Incorrect username/password.</arg>
<doc>Fails if objects are unequal after converting them to strings.</doc>
<status status="PASS" starttime="20230811 12:54:40.531" endtime="20230811 12:54:40.531"/>
</kw>
<kw name="Element Text Should Be" library="SeleniumLibrary">
<arg>${Error_Message_Login}</arg>
<arg>Incorrect username/password.</arg>
<doc>Verifies that element ``locator`` contains exact the text ``expected``.</doc>
<msg timestamp="20230811 12:54:40.531" level="INFO">Verifying element 'css:.alert-danger' contains exact text 'Incorrect username/password.'.</msg>
<status status="PASS" starttime="20230811 12:54:40.531" endtime="20230811 12:54:40.556"/>
</kw>
<status status="PASS" starttime="20230811 12:54:40.505" endtime="20230811 12:54:40.556"/>
</kw>
<kw name="Close Browser" library="SeleniumLibrary" type="TEARDOWN">
<doc>Closes the current browser.</doc>
<status status="PASS" starttime="20230811 12:54:40.556" endtime="20230811 12:54:43.234"/>
</kw>
<status status="PASS" starttime="20230811 12:54:30.378" endtime="20230811 12:54:43.234"/>
</test>
<doc>To validate the login form</doc>
<status status="PASS" starttime="20230811 12:54:30.219" endtime="20230811 12:54:43.234"/>
</suite>
<statistics>
<total>
<stat pass="1" fail="0" skip="0">All Tests</stat>
</total>
<tag>
</tag>
<suite>
<stat pass="1" fail="0" skip="0" id="s1" name="Login">Login</stat>
</suite>
</statistics>
<errors>
</errors>
</robot>
